2025-05-14 18:16:48.208 | INFO     | pdf_processor:compress_image:50 - 开始压缩图片: uploads/4c2f215a-6f8a-4717-a8b3-51f9b7b613ac/pdf_images/page_1.png
2025-05-14 18:16:48.209 | INFO     | pdf_processor:compress_image:50 - 开始压缩图片: uploads/4c2f215a-6f8a-4717-a8b3-51f9b7b613ac/pdf_images/page_2.png
2025-05-14 18:16:48.209 | INFO     | pdf_processor:compress_image:50 - 开始压缩图片: uploads/4c2f215a-6f8a-4717-a8b3-51f9b7b613ac/pdf_images/page_5.png
2025-05-14 18:16:48.209 | INFO     | pdf_processor:compress_image:50 - 开始压缩图片: uploads/4c2f215a-6f8a-4717-a8b3-51f9b7b613ac/pdf_images/page_6.png
2025-05-14 18:16:48.209 | INFO     | pdf_processor:compress_image:50 - 开始压缩图片: uploads/4c2f215a-6f8a-4717-a8b3-51f9b7b613ac/pdf_images/page_7.png
2025-05-14 18:16:48.317 | INFO     | pdf_processor:compress_image:62 - 图片压缩完成: uploads/4c2f215a-6f8a-4717-a8b3-51f9b7b613ac/pdf_images/page_2.png
2025-05-14 18:16:48.318 | INFO     | pdf_processor:extract_engineering_data:70 - 开始提取图片数据: uploads/4c2f215a-6f8a-4717-a8b3-51f9b7b613ac/pdf_images/page_2.png
2025-05-14 18:16:48.319 | INFO     | pdf_processor:compress_image:62 - 图片压缩完成: uploads/4c2f215a-6f8a-4717-a8b3-51f9b7b613ac/pdf_images/page_1.png
2025-05-14 18:16:48.319 | INFO     | pdf_processor:extract_engineering_data:70 - 开始提取图片数据: uploads/4c2f215a-6f8a-4717-a8b3-51f9b7b613ac/pdf_images/page_1.png
2025-05-14 18:16:48.325 | INFO     | pdf_processor:compress_image:62 - 图片压缩完成: uploads/4c2f215a-6f8a-4717-a8b3-51f9b7b613ac/pdf_images/page_6.png
2025-05-14 18:16:48.326 | INFO     | pdf_processor:extract_engineering_data:70 - 开始提取图片数据: uploads/4c2f215a-6f8a-4717-a8b3-51f9b7b613ac/pdf_images/page_6.png
2025-05-14 18:16:48.327 | INFO     | pdf_processor:compress_image:62 - 图片压缩完成: uploads/4c2f215a-6f8a-4717-a8b3-51f9b7b613ac/pdf_images/page_7.png
2025-05-14 18:16:48.328 | INFO     | pdf_processor:extract_engineering_data:70 - 开始提取图片数据: uploads/4c2f215a-6f8a-4717-a8b3-51f9b7b613ac/pdf_images/page_7.png
2025-05-14 18:16:48.334 | INFO     | pdf_processor:compress_image:62 - 图片压缩完成: uploads/4c2f215a-6f8a-4717-a8b3-51f9b7b613ac/pdf_images/page_5.png
2025-05-14 18:16:48.340 | INFO     | pdf_processor:extract_engineering_data:70 - 开始提取图片数据: uploads/4c2f215a-6f8a-4717-a8b3-51f9b7b613ac/pdf_images/page_5.png
2025-05-14 18:17:05.730 | INFO     | pdf_processor:extract_engineering_data:168 - 数据提取成功: uploads/4c2f215a-6f8a-4717-a8b3-51f9b7b613ac/pdf_images/page_1.png
2025-05-14 18:17:05.734 | INFO     | pdf_processor:compress_image:50 - 开始压缩图片: uploads/4c2f215a-6f8a-4717-a8b3-51f9b7b613ac/pdf_images/page_8.png
2025-05-14 18:17:05.868 | INFO     | pdf_processor:compress_image:62 - 图片压缩完成: uploads/4c2f215a-6f8a-4717-a8b3-51f9b7b613ac/pdf_images/page_8.png
2025-05-14 18:17:05.869 | INFO     | pdf_processor:extract_engineering_data:70 - 开始提取图片数据: uploads/4c2f215a-6f8a-4717-a8b3-51f9b7b613ac/pdf_images/page_8.png
2025-05-14 18:17:06.784 | INFO     | pdf_processor:extract_engineering_data:168 - 数据提取成功: uploads/4c2f215a-6f8a-4717-a8b3-51f9b7b613ac/pdf_images/page_2.png
2025-05-14 18:17:06.789 | INFO     | pdf_processor:compress_image:50 - 开始压缩图片: uploads/4c2f215a-6f8a-4717-a8b3-51f9b7b613ac/pdf_images/page_9.png
2025-05-14 18:17:06.888 | INFO     | pdf_processor:compress_image:62 - 图片压缩完成: uploads/4c2f215a-6f8a-4717-a8b3-51f9b7b613ac/pdf_images/page_9.png
2025-05-14 18:17:06.889 | INFO     | pdf_processor:extract_engineering_data:70 - 开始提取图片数据: uploads/4c2f215a-6f8a-4717-a8b3-51f9b7b613ac/pdf_images/page_9.png
2025-05-14 18:17:27.981 | INFO     | pdf_processor:extract_engineering_data:168 - 数据提取成功: uploads/4c2f215a-6f8a-4717-a8b3-51f9b7b613ac/pdf_images/page_5.png
2025-05-14 18:17:27.983 | INFO     | pdf_processor:compress_image:50 - 开始压缩图片: uploads/4c2f215a-6f8a-4717-a8b3-51f9b7b613ac/pdf_images/page_10.png
2025-05-14 18:17:28.070 | INFO     | pdf_processor:compress_image:62 - 图片压缩完成: uploads/4c2f215a-6f8a-4717-a8b3-51f9b7b613ac/pdf_images/page_10.png
2025-05-14 18:17:28.070 | INFO     | pdf_processor:extract_engineering_data:70 - 开始提取图片数据: uploads/4c2f215a-6f8a-4717-a8b3-51f9b7b613ac/pdf_images/page_10.png
2025-05-14 18:17:35.528 | INFO     | pdf_processor:extract_engineering_data:168 - 数据提取成功: uploads/4c2f215a-6f8a-4717-a8b3-51f9b7b613ac/pdf_images/page_7.png
2025-05-14 18:17:35.532 | INFO     | pdf_processor:compress_image:50 - 开始压缩图片: uploads/4c2f215a-6f8a-4717-a8b3-51f9b7b613ac/pdf_images/page_11.png
2025-05-14 18:17:35.634 | INFO     | pdf_processor:compress_image:62 - 图片压缩完成: uploads/4c2f215a-6f8a-4717-a8b3-51f9b7b613ac/pdf_images/page_11.png
2025-05-14 18:17:35.634 | INFO     | pdf_processor:extract_engineering_data:70 - 开始提取图片数据: uploads/4c2f215a-6f8a-4717-a8b3-51f9b7b613ac/pdf_images/page_11.png
2025-05-14 18:17:46.271 | INFO     | pdf_processor:extract_engineering_data:168 - 数据提取成功: uploads/4c2f215a-6f8a-4717-a8b3-51f9b7b613ac/pdf_images/page_8.png
2025-05-14 18:17:49.853 | INFO     | pdf_processor:extract_engineering_data:168 - 数据提取成功: uploads/4c2f215a-6f8a-4717-a8b3-51f9b7b613ac/pdf_images/page_9.png
2025-05-14 18:17:53.520 | INFO     | pdf_processor:extract_engineering_data:168 - 数据提取成功: uploads/4c2f215a-6f8a-4717-a8b3-51f9b7b613ac/pdf_images/page_6.png
2025-05-14 18:18:24.523 | INFO     | pdf_processor:extract_engineering_data:168 - 数据提取成功: uploads/4c2f215a-6f8a-4717-a8b3-51f9b7b613ac/pdf_images/page_11.png
2025-05-14 18:18:25.188 | INFO     | pdf_processor:extract_engineering_data:168 - 数据提取成功: uploads/4c2f215a-6f8a-4717-a8b3-51f9b7b613ac/pdf_images/page_10.png
2025-05-14 18:31:19.792 | INFO     | pdf_processor:compress_image:50 - 开始压缩图片: uploads/4c2f215a-6f8a-4717-a8b3-51f9b7b613ac/pdf_images/page_1.png
2025-05-14 18:31:19.792 | INFO     | pdf_processor:compress_image:50 - 开始压缩图片: uploads/4c2f215a-6f8a-4717-a8b3-51f9b7b613ac/pdf_images/page_2.png
2025-05-14 18:31:19.793 | INFO     | pdf_processor:compress_image:50 - 开始压缩图片: uploads/4c2f215a-6f8a-4717-a8b3-51f9b7b613ac/pdf_images/page_5.png
2025-05-14 18:31:19.793 | INFO     | pdf_processor:compress_image:50 - 开始压缩图片: uploads/4c2f215a-6f8a-4717-a8b3-51f9b7b613ac/pdf_images/page_6.png
2025-05-14 18:31:19.793 | INFO     | pdf_processor:compress_image:50 - 开始压缩图片: uploads/4c2f215a-6f8a-4717-a8b3-51f9b7b613ac/pdf_images/page_7.png
2025-05-14 18:31:19.879 | INFO     | pdf_processor:compress_image:62 - 图片压缩完成: uploads/4c2f215a-6f8a-4717-a8b3-51f9b7b613ac/pdf_images/page_1.png
2025-05-14 18:31:19.880 | INFO     | pdf_processor:extract_engineering_data:70 - 开始提取图片数据: uploads/4c2f215a-6f8a-4717-a8b3-51f9b7b613ac/pdf_images/page_1.png
2025-05-14 18:31:19.885 | INFO     | pdf_processor:compress_image:62 - 图片压缩完成: uploads/4c2f215a-6f8a-4717-a8b3-51f9b7b613ac/pdf_images/page_7.png
2025-05-14 18:31:19.885 | INFO     | pdf_processor:compress_image:62 - 图片压缩完成: uploads/4c2f215a-6f8a-4717-a8b3-51f9b7b613ac/pdf_images/page_2.png
2025-05-14 18:31:19.885 | INFO     | pdf_processor:extract_engineering_data:70 - 开始提取图片数据: uploads/4c2f215a-6f8a-4717-a8b3-51f9b7b613ac/pdf_images/page_7.png
2025-05-14 18:31:19.886 | INFO     | pdf_processor:extract_engineering_data:70 - 开始提取图片数据: uploads/4c2f215a-6f8a-4717-a8b3-51f9b7b613ac/pdf_images/page_2.png
2025-05-14 18:31:19.892 | INFO     | pdf_processor:compress_image:62 - 图片压缩完成: uploads/4c2f215a-6f8a-4717-a8b3-51f9b7b613ac/pdf_images/page_5.png
2025-05-14 18:31:19.893 | INFO     | pdf_processor:extract_engineering_data:70 - 开始提取图片数据: uploads/4c2f215a-6f8a-4717-a8b3-51f9b7b613ac/pdf_images/page_5.png
2025-05-14 18:31:19.898 | INFO     | pdf_processor:compress_image:62 - 图片压缩完成: uploads/4c2f215a-6f8a-4717-a8b3-51f9b7b613ac/pdf_images/page_6.png
2025-05-14 18:31:19.899 | INFO     | pdf_processor:extract_engineering_data:70 - 开始提取图片数据: uploads/4c2f215a-6f8a-4717-a8b3-51f9b7b613ac/pdf_images/page_6.png
2025-05-14 18:41:35.460 | INFO     | pdf_processor:compress_image:50 - 开始压缩图片: uploads/cc3982fb-5e3b-46e2-893f-bbae35c7adb2/pdf_images/page_1.png
2025-05-14 18:41:35.572 | INFO     | pdf_processor:compress_image:62 - 图片压缩完成: uploads/cc3982fb-5e3b-46e2-893f-bbae35c7adb2/pdf_images/page_1.png
2025-05-14 18:41:35.573 | INFO     | pdf_processor:extract_engineering_data:70 - 开始提取图片数据: uploads/cc3982fb-5e3b-46e2-893f-bbae35c7adb2/pdf_images/page_1.png
2025-05-14 18:42:08.978 | INFO     | pdf_processor:extract_engineering_data:168 - 数据提取成功: uploads/cc3982fb-5e3b-46e2-893f-bbae35c7adb2/pdf_images/page_1.png
2025-05-14 18:42:56.315 | INFO     | pdf_processor:compress_image:50 - 开始压缩图片: uploads/9a04d15e-bebc-4e56-ae5e-8f15e618b52f/pdf_images/page_1.png
2025-05-14 18:42:56.387 | INFO     | pdf_processor:compress_image:62 - 图片压缩完成: uploads/9a04d15e-bebc-4e56-ae5e-8f15e618b52f/pdf_images/page_1.png
2025-05-14 18:42:56.388 | INFO     | pdf_processor:extract_engineering_data:70 - 开始提取图片数据: uploads/9a04d15e-bebc-4e56-ae5e-8f15e618b52f/pdf_images/page_1.png
2025-05-14 18:43:39.736 | INFO     | pdf_processor:extract_engineering_data:168 - 数据提取成功: uploads/9a04d15e-bebc-4e56-ae5e-8f15e618b52f/pdf_images/page_1.png
2025-05-14 18:52:37.695 | INFO     | pdf_processor:compress_image:50 - 开始压缩图片: uploads/9a04d15e-bebc-4e56-ae5e-8f15e618b52f/pdf_images/page_1.png
2025-05-14 18:52:37.813 | INFO     | pdf_processor:compress_image:62 - 图片压缩完成: uploads/9a04d15e-bebc-4e56-ae5e-8f15e618b52f/pdf_images/page_1.png
2025-05-14 18:52:37.813 | INFO     | pdf_processor:extract_engineering_data:70 - 开始提取图片数据: uploads/9a04d15e-bebc-4e56-ae5e-8f15e618b52f/pdf_images/page_1.png
2025-05-15 09:53:29.817 | INFO     | pdf_processor:compress_image:50 - 开始压缩图片: uploads/9a04d15e-bebc-4e56-ae5e-8f15e618b52f/pdf_images/page_1.png
2025-05-15 09:53:29.925 | INFO     | pdf_processor:compress_image:62 - 图片压缩完成: uploads/9a04d15e-bebc-4e56-ae5e-8f15e618b52f/pdf_images/page_1.png
2025-05-15 09:53:29.925 | INFO     | pdf_processor:extract_engineering_data:70 - 开始提取图片数据: uploads/9a04d15e-bebc-4e56-ae5e-8f15e618b52f/pdf_images/page_1.png
2025-05-15 09:53:39.445 | INFO     | pdf_processor:compress_image:50 - 开始压缩图片: uploads/36a9d714-bd86-456a-abec-435c39425429/pdf_images/page_1.png
2025-05-15 09:53:39.516 | INFO     | pdf_processor:compress_image:62 - 图片压缩完成: uploads/36a9d714-bd86-456a-abec-435c39425429/pdf_images/page_1.png
2025-05-15 09:53:39.516 | INFO     | pdf_processor:extract_engineering_data:70 - 开始提取图片数据: uploads/36a9d714-bd86-456a-abec-435c39425429/pdf_images/page_1.png
2025-05-15 09:54:15.767 | INFO     | pdf_processor:extract_engineering_data:168 - 数据提取成功: uploads/36a9d714-bd86-456a-abec-435c39425429/pdf_images/page_1.png
2025-05-15 09:54:15.914 | INFO     | pdf_processor:extract_engineering_data:168 - 数据提取成功: uploads/9a04d15e-bebc-4e56-ae5e-8f15e618b52f/pdf_images/page_1.png
2025-05-15 10:04:01.197 | INFO     | pdf_processor:compress_image:50 - 开始压缩图片: uploads/36a9d714-bd86-456a-abec-435c39425429/pdf_images/page_1.png
2025-05-15 10:04:01.345 | INFO     | pdf_processor:compress_image:62 - 图片压缩完成: uploads/36a9d714-bd86-456a-abec-435c39425429/pdf_images/page_1.png
2025-05-15 10:04:01.345 | INFO     | pdf_processor:extract_engineering_data:70 - 开始提取图片数据: uploads/36a9d714-bd86-456a-abec-435c39425429/pdf_images/page_1.png
2025-05-15 10:04:02.888 | INFO     | pdf_processor:compress_image:50 - 开始压缩图片: uploads/36a9d714-bd86-456a-abec-435c39425429/pdf_images/page_1.png
2025-05-15 10:04:02.960 | INFO     | pdf_processor:compress_image:62 - 图片压缩完成: uploads/36a9d714-bd86-456a-abec-435c39425429/pdf_images/page_1.png
2025-05-15 10:04:02.961 | INFO     | pdf_processor:extract_engineering_data:70 - 开始提取图片数据: uploads/36a9d714-bd86-456a-abec-435c39425429/pdf_images/page_1.png
2025-05-15 10:04:04.314 | INFO     | pdf_processor:compress_image:50 - 开始压缩图片: uploads/36a9d714-bd86-456a-abec-435c39425429/pdf_images/page_1.png
2025-05-15 10:04:04.387 | INFO     | pdf_processor:compress_image:62 - 图片压缩完成: uploads/36a9d714-bd86-456a-abec-435c39425429/pdf_images/page_1.png
2025-05-15 10:04:04.388 | INFO     | pdf_processor:extract_engineering_data:70 - 开始提取图片数据: uploads/36a9d714-bd86-456a-abec-435c39425429/pdf_images/page_1.png
2025-05-15 10:04:07.685 | INFO     | pdf_processor:compress_image:50 - 开始压缩图片: uploads/36a9d714-bd86-456a-abec-435c39425429/pdf_images/page_1.png
2025-05-15 10:04:07.758 | INFO     | pdf_processor:compress_image:62 - 图片压缩完成: uploads/36a9d714-bd86-456a-abec-435c39425429/pdf_images/page_1.png
2025-05-15 10:04:07.759 | INFO     | pdf_processor:extract_engineering_data:70 - 开始提取图片数据: uploads/36a9d714-bd86-456a-abec-435c39425429/pdf_images/page_1.png
2025-05-15 10:04:30.124 | INFO     | pdf_processor:extract_engineering_data:168 - 数据提取成功: uploads/36a9d714-bd86-456a-abec-435c39425429/pdf_images/page_1.png
2025-05-15 10:04:37.608 | INFO     | pdf_processor:extract_engineering_data:168 - 数据提取成功: uploads/36a9d714-bd86-456a-abec-435c39425429/pdf_images/page_1.png
2025-05-15 10:04:40.480 | INFO     | pdf_processor:extract_engineering_data:168 - 数据提取成功: uploads/36a9d714-bd86-456a-abec-435c39425429/pdf_images/page_1.png
2025-05-15 10:04:44.043 | INFO     | pdf_processor:extract_engineering_data:168 - 数据提取成功: uploads/36a9d714-bd86-456a-abec-435c39425429/pdf_images/page_1.png
2025-05-15 10:07:58.582 | INFO     | pdf_processor:compress_image:50 - 开始压缩图片: uploads/36a9d714-bd86-456a-abec-435c39425429/pdf_images/page_1.png
2025-05-15 10:07:58.719 | INFO     | pdf_processor:compress_image:62 - 图片压缩完成: uploads/36a9d714-bd86-456a-abec-435c39425429/pdf_images/page_1.png
2025-05-15 10:07:58.720 | INFO     | pdf_processor:extract_engineering_data:70 - 开始提取图片数据: uploads/36a9d714-bd86-456a-abec-435c39425429/pdf_images/page_1.png
2025-05-15 10:08:02.786 | INFO     | pdf_processor:compress_image:50 - 开始压缩图片: uploads/36a9d714-bd86-456a-abec-435c39425429/pdf_images/page_1.png
2025-05-15 10:08:02.864 | INFO     | pdf_processor:compress_image:62 - 图片压缩完成: uploads/36a9d714-bd86-456a-abec-435c39425429/pdf_images/page_1.png
2025-05-15 10:08:02.864 | INFO     | pdf_processor:extract_engineering_data:70 - 开始提取图片数据: uploads/36a9d714-bd86-456a-abec-435c39425429/pdf_images/page_1.png
2025-05-15 10:08:34.957 | INFO     | pdf_processor:extract_engineering_data:168 - 数据提取成功: uploads/36a9d714-bd86-456a-abec-435c39425429/pdf_images/page_1.png
2025-05-15 10:08:43.434 | INFO     | pdf_processor:extract_engineering_data:168 - 数据提取成功: uploads/36a9d714-bd86-456a-abec-435c39425429/pdf_images/page_1.png
2025-05-15 10:34:17.019 | INFO     | pdf_processor:compress_image:50 - 开始压缩图片: uploads/f8e6bbba-b642-4d55-a291-fd19f4aef21c/pdf_images/page_1.png
2025-05-15 10:34:17.019 | INFO     | pdf_processor:compress_image:50 - 开始压缩图片: uploads/f8e6bbba-b642-4d55-a291-fd19f4aef21c/pdf_images/page_2.png
2025-05-15 10:34:17.019 | INFO     | pdf_processor:compress_image:50 - 开始压缩图片: uploads/f8e6bbba-b642-4d55-a291-fd19f4aef21c/pdf_images/page_3.png
2025-05-15 10:34:17.020 | INFO     | pdf_processor:compress_image:50 - 开始压缩图片: uploads/f8e6bbba-b642-4d55-a291-fd19f4aef21c/pdf_images/page_4.png
2025-05-15 10:34:17.020 | INFO     | pdf_processor:compress_image:50 - 开始压缩图片: uploads/f8e6bbba-b642-4d55-a291-fd19f4aef21c/pdf_images/page_5.png
2025-05-15 10:34:17.110 | INFO     | pdf_processor:compress_image:62 - 图片压缩完成: uploads/f8e6bbba-b642-4d55-a291-fd19f4aef21c/pdf_images/page_5.png
2025-05-15 10:34:17.110 | INFO     | pdf_processor:extract_engineering_data:70 - 开始提取图片数据: uploads/f8e6bbba-b642-4d55-a291-fd19f4aef21c/pdf_images/page_5.png
2025-05-15 10:34:17.114 | INFO     | pdf_processor:compress_image:62 - 图片压缩完成: uploads/f8e6bbba-b642-4d55-a291-fd19f4aef21c/pdf_images/page_1.png
2025-05-15 10:34:17.114 | INFO     | pdf_processor:extract_engineering_data:70 - 开始提取图片数据: uploads/f8e6bbba-b642-4d55-a291-fd19f4aef21c/pdf_images/page_1.png
2025-05-15 10:34:17.116 | INFO     | pdf_processor:compress_image:62 - 图片压缩完成: uploads/f8e6bbba-b642-4d55-a291-fd19f4aef21c/pdf_images/page_2.png
2025-05-15 10:34:17.116 | INFO     | pdf_processor:extract_engineering_data:70 - 开始提取图片数据: uploads/f8e6bbba-b642-4d55-a291-fd19f4aef21c/pdf_images/page_2.png
2025-05-15 10:34:17.130 | INFO     | pdf_processor:compress_image:62 - 图片压缩完成: uploads/f8e6bbba-b642-4d55-a291-fd19f4aef21c/pdf_images/page_4.png
2025-05-15 10:34:17.130 | INFO     | pdf_processor:extract_engineering_data:70 - 开始提取图片数据: uploads/f8e6bbba-b642-4d55-a291-fd19f4aef21c/pdf_images/page_4.png
2025-05-15 10:34:17.153 | INFO     | pdf_processor:compress_image:62 - 图片压缩完成: uploads/f8e6bbba-b642-4d55-a291-fd19f4aef21c/pdf_images/page_3.png
2025-05-15 10:34:17.153 | INFO     | pdf_processor:extract_engineering_data:70 - 开始提取图片数据: uploads/f8e6bbba-b642-4d55-a291-fd19f4aef21c/pdf_images/page_3.png
2025-05-15 10:34:34.140 | INFO     | pdf_processor:extract_engineering_data:168 - 数据提取成功: uploads/f8e6bbba-b642-4d55-a291-fd19f4aef21c/pdf_images/page_2.png
2025-05-15 10:34:34.144 | INFO     | pdf_processor:compress_image:50 - 开始压缩图片: uploads/f8e6bbba-b642-4d55-a291-fd19f4aef21c/pdf_images/page_6.png
2025-05-15 10:34:34.253 | INFO     | pdf_processor:compress_image:62 - 图片压缩完成: uploads/f8e6bbba-b642-4d55-a291-fd19f4aef21c/pdf_images/page_6.png
2025-05-15 10:34:34.253 | INFO     | pdf_processor:extract_engineering_data:70 - 开始提取图片数据: uploads/f8e6bbba-b642-4d55-a291-fd19f4aef21c/pdf_images/page_6.png
2025-05-15 10:34:41.598 | INFO     | pdf_processor:extract_engineering_data:168 - 数据提取成功: uploads/f8e6bbba-b642-4d55-a291-fd19f4aef21c/pdf_images/page_1.png
2025-05-15 10:34:41.602 | INFO     | pdf_processor:compress_image:50 - 开始压缩图片: uploads/f8e6bbba-b642-4d55-a291-fd19f4aef21c/pdf_images/page_7.png
2025-05-15 10:34:41.708 | INFO     | pdf_processor:compress_image:62 - 图片压缩完成: uploads/f8e6bbba-b642-4d55-a291-fd19f4aef21c/pdf_images/page_7.png
2025-05-15 10:34:41.708 | INFO     | pdf_processor:extract_engineering_data:70 - 开始提取图片数据: uploads/f8e6bbba-b642-4d55-a291-fd19f4aef21c/pdf_images/page_7.png
2025-05-15 10:34:50.039 | INFO     | pdf_processor:extract_engineering_data:168 - 数据提取成功: uploads/f8e6bbba-b642-4d55-a291-fd19f4aef21c/pdf_images/page_4.png
2025-05-15 10:34:50.042 | INFO     | pdf_processor:compress_image:50 - 开始压缩图片: uploads/f8e6bbba-b642-4d55-a291-fd19f4aef21c/pdf_images/page_8.png
2025-05-15 10:34:50.179 | INFO     | pdf_processor:compress_image:62 - 图片压缩完成: uploads/f8e6bbba-b642-4d55-a291-fd19f4aef21c/pdf_images/page_8.png
2025-05-15 10:34:50.180 | INFO     | pdf_processor:extract_engineering_data:70 - 开始提取图片数据: uploads/f8e6bbba-b642-4d55-a291-fd19f4aef21c/pdf_images/page_8.png
2025-05-15 10:34:53.469 | INFO     | pdf_processor:extract_engineering_data:168 - 数据提取成功: uploads/f8e6bbba-b642-4d55-a291-fd19f4aef21c/pdf_images/page_5.png
2025-05-15 10:34:53.474 | INFO     | pdf_processor:compress_image:50 - 开始压缩图片: uploads/f8e6bbba-b642-4d55-a291-fd19f4aef21c/pdf_images/page_9.png
2025-05-15 10:34:53.576 | INFO     | pdf_processor:compress_image:62 - 图片压缩完成: uploads/f8e6bbba-b642-4d55-a291-fd19f4aef21c/pdf_images/page_9.png
2025-05-15 10:34:53.577 | INFO     | pdf_processor:extract_engineering_data:70 - 开始提取图片数据: uploads/f8e6bbba-b642-4d55-a291-fd19f4aef21c/pdf_images/page_9.png
2025-05-15 10:34:53.684 | INFO     | pdf_processor:extract_engineering_data:168 - 数据提取成功: uploads/f8e6bbba-b642-4d55-a291-fd19f4aef21c/pdf_images/page_3.png
2025-05-15 10:34:53.686 | INFO     | pdf_processor:compress_image:50 - 开始压缩图片: uploads/f8e6bbba-b642-4d55-a291-fd19f4aef21c/pdf_images/page_10.png
2025-05-15 10:34:53.769 | INFO     | pdf_processor:compress_image:62 - 图片压缩完成: uploads/f8e6bbba-b642-4d55-a291-fd19f4aef21c/pdf_images/page_10.png
2025-05-15 10:34:53.769 | INFO     | pdf_processor:extract_engineering_data:70 - 开始提取图片数据: uploads/f8e6bbba-b642-4d55-a291-fd19f4aef21c/pdf_images/page_10.png
2025-05-15 10:35:43.100 | INFO     | pdf_processor:extract_engineering_data:168 - 数据提取成功: uploads/f8e6bbba-b642-4d55-a291-fd19f4aef21c/pdf_images/page_8.png
2025-05-15 10:35:43.105 | INFO     | pdf_processor:compress_image:50 - 开始压缩图片: uploads/f8e6bbba-b642-4d55-a291-fd19f4aef21c/pdf_images/page_11.png
2025-05-15 10:35:43.209 | INFO     | pdf_processor:compress_image:62 - 图片压缩完成: uploads/f8e6bbba-b642-4d55-a291-fd19f4aef21c/pdf_images/page_11.png
2025-05-15 10:35:43.209 | INFO     | pdf_processor:extract_engineering_data:70 - 开始提取图片数据: uploads/f8e6bbba-b642-4d55-a291-fd19f4aef21c/pdf_images/page_11.png
2025-05-15 10:35:51.014 | INFO     | pdf_processor:extract_engineering_data:168 - 数据提取成功: uploads/f8e6bbba-b642-4d55-a291-fd19f4aef21c/pdf_images/page_7.png
2025-05-15 10:36:09.704 | INFO     | pdf_processor:extract_engineering_data:168 - 数据提取成功: uploads/f8e6bbba-b642-4d55-a291-fd19f4aef21c/pdf_images/page_10.png
2025-05-15 10:36:10.935 | INFO     | pdf_processor:extract_engineering_data:168 - 数据提取成功: uploads/f8e6bbba-b642-4d55-a291-fd19f4aef21c/pdf_images/page_6.png
2025-05-15 10:36:12.095 | INFO     | pdf_processor:extract_engineering_data:168 - 数据提取成功: uploads/f8e6bbba-b642-4d55-a291-fd19f4aef21c/pdf_images/page_9.png
2025-05-15 10:37:04.895 | INFO     | pdf_processor:extract_engineering_data:168 - 数据提取成功: uploads/f8e6bbba-b642-4d55-a291-fd19f4aef21c/pdf_images/page_11.png
2025-05-15 11:24:37.287 | INFO     | pdf_processor:compress_image:50 - 开始压缩图片: uploads/bf0c4a44-98ad-4f19-9372-c771e9a4215a/pdf_images/page_1.png
2025-05-15 11:24:37.385 | INFO     | pdf_processor:compress_image:62 - 图片压缩完成: uploads/bf0c4a44-98ad-4f19-9372-c771e9a4215a/pdf_images/page_1.png
2025-05-15 11:24:37.386 | INFO     | pdf_processor:extract_engineering_data:70 - 开始提取图片数据: uploads/bf0c4a44-98ad-4f19-9372-c771e9a4215a/pdf_images/page_1.png
2025-05-15 11:25:09.330 | INFO     | pdf_processor:extract_engineering_data:168 - 数据提取成功: uploads/bf0c4a44-98ad-4f19-9372-c771e9a4215a/pdf_images/page_1.png
2025-05-15 14:07:00.132 | INFO     | pdf_processor:compress_image:50 - 开始压缩图片: uploads/4a2e515b-1c74-4f7b-8b46-6f30583a02df/pdf_images/page_1.png
2025-05-15 14:07:00.220 | INFO     | pdf_processor:compress_image:62 - 图片压缩完成: uploads/4a2e515b-1c74-4f7b-8b46-6f30583a02df/pdf_images/page_1.png
2025-05-15 14:07:00.221 | INFO     | pdf_processor:extract_engineering_data:70 - 开始提取图片数据: uploads/4a2e515b-1c74-4f7b-8b46-6f30583a02df/pdf_images/page_1.png
2025-05-15 14:07:41.546 | INFO     | pdf_processor:extract_engineering_data:168 - 数据提取成功: uploads/4a2e515b-1c74-4f7b-8b46-6f30583a02df/pdf_images/page_1.png
2025-05-15 14:11:34.142 | INFO     | pdf_processor:compress_image:50 - 开始压缩图片: uploads/a030bfb6-d3dc-4516-9ee9-2ad7095b0c3c/pdf_images/page_1.png
2025-05-15 14:11:34.230 | INFO     | pdf_processor:compress_image:62 - 图片压缩完成: uploads/a030bfb6-d3dc-4516-9ee9-2ad7095b0c3c/pdf_images/page_1.png
2025-05-15 14:11:34.230 | INFO     | pdf_processor:extract_engineering_data:70 - 开始提取图片数据: uploads/a030bfb6-d3dc-4516-9ee9-2ad7095b0c3c/pdf_images/page_1.png
2025-05-15 14:12:09.080 | INFO     | pdf_processor:extract_engineering_data:168 - 数据提取成功: uploads/a030bfb6-d3dc-4516-9ee9-2ad7095b0c3c/pdf_images/page_1.png
2025-05-15 14:18:50.361 | INFO     | pdf_processor:compress_image:50 - 开始压缩图片: uploads/863713a6-b0d1-4271-b64c-6d54585590c5/pdf_images/page_1.png
2025-05-15 14:18:50.361 | INFO     | pdf_processor:compress_image:50 - 开始压缩图片: uploads/863713a6-b0d1-4271-b64c-6d54585590c5/pdf_images/page_2.png
2025-05-15 14:18:50.361 | INFO     | pdf_processor:compress_image:50 - 开始压缩图片: uploads/863713a6-b0d1-4271-b64c-6d54585590c5/pdf_images/page_3.png
2025-05-15 14:18:50.361 | INFO     | pdf_processor:compress_image:50 - 开始压缩图片: uploads/863713a6-b0d1-4271-b64c-6d54585590c5/pdf_images/page_4.png
2025-05-15 14:18:50.361 | INFO     | pdf_processor:compress_image:50 - 开始压缩图片: uploads/863713a6-b0d1-4271-b64c-6d54585590c5/pdf_images/page_5.png
2025-05-15 14:18:50.448 | INFO     | pdf_processor:compress_image:62 - 图片压缩完成: uploads/863713a6-b0d1-4271-b64c-6d54585590c5/pdf_images/page_1.png
2025-05-15 14:18:50.448 | INFO     | pdf_processor:extract_engineering_data:70 - 开始提取图片数据: uploads/863713a6-b0d1-4271-b64c-6d54585590c5/pdf_images/page_1.png
2025-05-15 14:18:50.448 | INFO     | pdf_processor:compress_image:62 - 图片压缩完成: uploads/863713a6-b0d1-4271-b64c-6d54585590c5/pdf_images/page_2.png
2025-05-15 14:18:50.449 | INFO     | pdf_processor:extract_engineering_data:70 - 开始提取图片数据: uploads/863713a6-b0d1-4271-b64c-6d54585590c5/pdf_images/page_2.png
2025-05-15 14:18:50.453 | INFO     | pdf_processor:compress_image:62 - 图片压缩完成: uploads/863713a6-b0d1-4271-b64c-6d54585590c5/pdf_images/page_5.png
2025-05-15 14:18:50.453 | INFO     | pdf_processor:extract_engineering_data:70 - 开始提取图片数据: uploads/863713a6-b0d1-4271-b64c-6d54585590c5/pdf_images/page_5.png
2025-05-15 14:18:50.467 | INFO     | pdf_processor:compress_image:62 - 图片压缩完成: uploads/863713a6-b0d1-4271-b64c-6d54585590c5/pdf_images/page_4.png
2025-05-15 14:18:50.467 | INFO     | pdf_processor:extract_engineering_data:70 - 开始提取图片数据: uploads/863713a6-b0d1-4271-b64c-6d54585590c5/pdf_images/page_4.png
2025-05-15 14:18:50.492 | INFO     | pdf_processor:compress_image:62 - 图片压缩完成: uploads/863713a6-b0d1-4271-b64c-6d54585590c5/pdf_images/page_3.png
2025-05-15 14:18:50.492 | INFO     | pdf_processor:extract_engineering_data:70 - 开始提取图片数据: uploads/863713a6-b0d1-4271-b64c-6d54585590c5/pdf_images/page_3.png
2025-05-15 14:19:05.608 | INFO     | pdf_processor:extract_engineering_data:168 - 数据提取成功: uploads/863713a6-b0d1-4271-b64c-6d54585590c5/pdf_images/page_2.png
2025-05-15 14:19:05.611 | INFO     | pdf_processor:compress_image:50 - 开始压缩图片: uploads/863713a6-b0d1-4271-b64c-6d54585590c5/pdf_images/page_6.png
2025-05-15 14:19:05.720 | INFO     | pdf_processor:compress_image:62 - 图片压缩完成: uploads/863713a6-b0d1-4271-b64c-6d54585590c5/pdf_images/page_6.png
2025-05-15 14:19:05.720 | INFO     | pdf_processor:extract_engineering_data:70 - 开始提取图片数据: uploads/863713a6-b0d1-4271-b64c-6d54585590c5/pdf_images/page_6.png
2025-05-15 14:19:08.601 | INFO     | pdf_processor:extract_engineering_data:168 - 数据提取成功: uploads/863713a6-b0d1-4271-b64c-6d54585590c5/pdf_images/page_1.png
2025-05-15 14:19:08.606 | INFO     | pdf_processor:compress_image:50 - 开始压缩图片: uploads/863713a6-b0d1-4271-b64c-6d54585590c5/pdf_images/page_7.png
2025-05-15 14:19:08.709 | INFO     | pdf_processor:compress_image:62 - 图片压缩完成: uploads/863713a6-b0d1-4271-b64c-6d54585590c5/pdf_images/page_7.png
2025-05-15 14:19:08.710 | INFO     | pdf_processor:extract_engineering_data:70 - 开始提取图片数据: uploads/863713a6-b0d1-4271-b64c-6d54585590c5/pdf_images/page_7.png
2025-05-15 14:19:14.167 | INFO     | pdf_processor:extract_engineering_data:168 - 数据提取成功: uploads/863713a6-b0d1-4271-b64c-6d54585590c5/pdf_images/page_3.png
2025-05-15 14:19:14.170 | INFO     | pdf_processor:compress_image:50 - 开始压缩图片: uploads/863713a6-b0d1-4271-b64c-6d54585590c5/pdf_images/page_8.png
2025-05-15 14:19:14.306 | INFO     | pdf_processor:compress_image:62 - 图片压缩完成: uploads/863713a6-b0d1-4271-b64c-6d54585590c5/pdf_images/page_8.png
2025-05-15 14:19:14.306 | INFO     | pdf_processor:extract_engineering_data:70 - 开始提取图片数据: uploads/863713a6-b0d1-4271-b64c-6d54585590c5/pdf_images/page_8.png
2025-05-15 14:19:15.157 | INFO     | pdf_processor:compress_image:50 - 开始压缩图片: uploads/1cbea5ae-91aa-40f2-b102-82e2e534c255/pdf_images/page_1.png
2025-05-15 14:19:15.234 | INFO     | pdf_processor:compress_image:62 - 图片压缩完成: uploads/1cbea5ae-91aa-40f2-b102-82e2e534c255/pdf_images/page_1.png
2025-05-15 14:19:15.234 | INFO     | pdf_processor:extract_engineering_data:70 - 开始提取图片数据: uploads/1cbea5ae-91aa-40f2-b102-82e2e534c255/pdf_images/page_1.png
2025-05-15 14:19:20.136 | INFO     | pdf_processor:extract_engineering_data:168 - 数据提取成功: uploads/863713a6-b0d1-4271-b64c-6d54585590c5/pdf_images/page_5.png
2025-05-15 14:19:20.140 | INFO     | pdf_processor:compress_image:50 - 开始压缩图片: uploads/863713a6-b0d1-4271-b64c-6d54585590c5/pdf_images/page_9.png
2025-05-15 14:19:20.242 | INFO     | pdf_processor:compress_image:62 - 图片压缩完成: uploads/863713a6-b0d1-4271-b64c-6d54585590c5/pdf_images/page_9.png
2025-05-15 14:19:20.243 | INFO     | pdf_processor:extract_engineering_data:70 - 开始提取图片数据: uploads/863713a6-b0d1-4271-b64c-6d54585590c5/pdf_images/page_9.png
2025-05-15 14:19:24.074 | INFO     | pdf_processor:extract_engineering_data:168 - 数据提取成功: uploads/863713a6-b0d1-4271-b64c-6d54585590c5/pdf_images/page_4.png
2025-05-15 14:19:24.078 | INFO     | pdf_processor:compress_image:50 - 开始压缩图片: uploads/863713a6-b0d1-4271-b64c-6d54585590c5/pdf_images/page_10.png
2025-05-15 14:19:24.186 | INFO     | pdf_processor:compress_image:62 - 图片压缩完成: uploads/863713a6-b0d1-4271-b64c-6d54585590c5/pdf_images/page_10.png
2025-05-15 14:19:24.187 | INFO     | pdf_processor:extract_engineering_data:70 - 开始提取图片数据: uploads/863713a6-b0d1-4271-b64c-6d54585590c5/pdf_images/page_10.png
2025-05-15 14:19:41.798 | INFO     | pdf_processor:extract_engineering_data:168 - 数据提取成功: uploads/863713a6-b0d1-4271-b64c-6d54585590c5/pdf_images/page_7.png
2025-05-15 14:19:41.802 | INFO     | pdf_processor:compress_image:50 - 开始压缩图片: uploads/863713a6-b0d1-4271-b64c-6d54585590c5/pdf_images/page_11.png
2025-05-15 14:19:41.903 | INFO     | pdf_processor:compress_image:62 - 图片压缩完成: uploads/863713a6-b0d1-4271-b64c-6d54585590c5/pdf_images/page_11.png
2025-05-15 14:19:41.903 | INFO     | pdf_processor:extract_engineering_data:70 - 开始提取图片数据: uploads/863713a6-b0d1-4271-b64c-6d54585590c5/pdf_images/page_11.png
2025-05-15 14:19:44.925 | INFO     | pdf_processor:extract_engineering_data:168 - 数据提取成功: uploads/863713a6-b0d1-4271-b64c-6d54585590c5/pdf_images/page_8.png
2025-05-15 14:19:45.665 | INFO     | pdf_processor:extract_engineering_data:168 - 数据提取成功: uploads/863713a6-b0d1-4271-b64c-6d54585590c5/pdf_images/page_10.png
2025-05-15 14:19:50.865 | INFO     | pdf_processor:extract_engineering_data:168 - 数据提取成功: uploads/1cbea5ae-91aa-40f2-b102-82e2e534c255/pdf_images/page_1.png
2025-05-15 14:19:56.881 | INFO     | pdf_processor:extract_engineering_data:168 - 数据提取成功: uploads/863713a6-b0d1-4271-b64c-6d54585590c5/pdf_images/page_9.png
2025-05-15 14:19:57.725 | INFO     | pdf_processor:extract_engineering_data:168 - 数据提取成功: uploads/863713a6-b0d1-4271-b64c-6d54585590c5/pdf_images/page_6.png
2025-05-15 14:20:37.196 | INFO     | pdf_processor:extract_engineering_data:168 - 数据提取成功: uploads/863713a6-b0d1-4271-b64c-6d54585590c5/pdf_images/page_11.png
2025-05-15 14:25:10.376 | INFO     | pdf_processor:compress_image:50 - 开始压缩图片: uploads/1cbea5ae-91aa-40f2-b102-82e2e534c255/pdf_images/page_1.png
2025-05-15 14:25:10.651 | INFO     | pdf_processor:compress_image:62 - 图片压缩完成: uploads/1cbea5ae-91aa-40f2-b102-82e2e534c255/pdf_images/page_1.png
2025-05-15 14:25:10.652 | INFO     | pdf_processor:extract_engineering_data:70 - 开始提取图片数据: uploads/1cbea5ae-91aa-40f2-b102-82e2e534c255/pdf_images/page_1.png
2025-05-15 14:25:16.536 | INFO     | pdf_processor:compress_image:50 - 开始压缩图片: uploads/db5cf754-2a46-460d-8487-1aeef5a64283/pdf_images/page_1.png
2025-05-15 14:25:16.612 | INFO     | pdf_processor:compress_image:62 - 图片压缩完成: uploads/db5cf754-2a46-460d-8487-1aeef5a64283/pdf_images/page_1.png
2025-05-15 14:25:16.612 | INFO     | pdf_processor:extract_engineering_data:70 - 开始提取图片数据: uploads/db5cf754-2a46-460d-8487-1aeef5a64283/pdf_images/page_1.png
2025-05-15 14:25:59.774 | INFO     | pdf_processor:extract_engineering_data:168 - 数据提取成功: uploads/1cbea5ae-91aa-40f2-b102-82e2e534c255/pdf_images/page_1.png
2025-05-15 14:26:16.513 | INFO     | pdf_processor:extract_engineering_data:168 - 数据提取成功: uploads/db5cf754-2a46-460d-8487-1aeef5a64283/pdf_images/page_1.png
2025-05-15 14:26:29.184 | INFO     | pdf_processor:compress_image:50 - 开始压缩图片: uploads/db5cf754-2a46-460d-8487-1aeef5a64283/pdf_images/page_1.png
2025-05-15 14:26:29.274 | INFO     | pdf_processor:compress_image:62 - 图片压缩完成: uploads/db5cf754-2a46-460d-8487-1aeef5a64283/pdf_images/page_1.png
2025-05-15 14:26:29.274 | INFO     | pdf_processor:extract_engineering_data:70 - 开始提取图片数据: uploads/db5cf754-2a46-460d-8487-1aeef5a64283/pdf_images/page_1.png
2025-05-15 14:27:19.396 | INFO     | pdf_processor:extract_engineering_data:168 - 数据提取成功: uploads/db5cf754-2a46-460d-8487-1aeef5a64283/pdf_images/page_1.png
2025-05-15 14:30:56.344 | INFO     | pdf_processor:compress_image:50 - 开始压缩图片: uploads/4548cb00-f719-4e3b-ab37-520d0d85da14/pdf_images/page_1.png
2025-05-15 14:30:56.442 | INFO     | pdf_processor:compress_image:62 - 图片压缩完成: uploads/4548cb00-f719-4e3b-ab37-520d0d85da14/pdf_images/page_1.png
2025-05-15 14:30:56.443 | INFO     | pdf_processor:extract_engineering_data:70 - 开始提取图片数据: uploads/4548cb00-f719-4e3b-ab37-520d0d85da14/pdf_images/page_1.png
2025-05-15 14:31:45.432 | INFO     | pdf_processor:extract_engineering_data:168 - 数据提取成功: uploads/4548cb00-f719-4e3b-ab37-520d0d85da14/pdf_images/page_1.png
2025-05-15 14:35:50.999 | INFO     | pdf_processor:compress_image:50 - 开始压缩图片: uploads/1184dfa2-6feb-410f-8b32-c7a1ea44e5d6/pdf_images/page_1.png
2025-05-15 14:35:51.081 | INFO     | pdf_processor:compress_image:62 - 图片压缩完成: uploads/1184dfa2-6feb-410f-8b32-c7a1ea44e5d6/pdf_images/page_1.png
2025-05-15 14:35:51.082 | INFO     | pdf_processor:extract_engineering_data:70 - 开始提取图片数据: uploads/1184dfa2-6feb-410f-8b32-c7a1ea44e5d6/pdf_images/page_1.png
2025-05-15 14:36:47.714 | INFO     | pdf_processor:extract_engineering_data:168 - 数据提取成功: uploads/1184dfa2-6feb-410f-8b32-c7a1ea44e5d6/pdf_images/page_1.png
2025-05-15 14:36:47.725 | INFO     | pdf_processor:refine_data:183 - 开始优化数据结构
2025-05-15 14:37:22.105 | INFO     | pdf_processor:refine_data:230 - 数据优化完成
2025-05-15 14:39:40.323 | INFO     | pdf_processor:compress_image:50 - 开始压缩图片: uploads/15409ef7-bf13-4250-84c9-aa583965e6c5/pdf_images/page_1.png
2025-05-15 14:39:40.395 | INFO     | pdf_processor:compress_image:62 - 图片压缩完成: uploads/15409ef7-bf13-4250-84c9-aa583965e6c5/pdf_images/page_1.png
2025-05-15 14:39:40.396 | INFO     | pdf_processor:extract_engineering_data:70 - 开始提取图片数据: uploads/15409ef7-bf13-4250-84c9-aa583965e6c5/pdf_images/page_1.png
2025-05-15 14:40:13.249 | INFO     | pdf_processor:extract_engineering_data:168 - 数据提取成功: uploads/15409ef7-bf13-4250-84c9-aa583965e6c5/pdf_images/page_1.png
2025-05-15 14:40:13.265 | INFO     | pdf_processor:refine_data:183 - 开始优化数据结构
2025-05-15 14:40:46.622 | INFO     | pdf_processor:refine_data:230 - 数据优化完成
