2025-05-15 14:07:00.132 | INFO     | pdf_processor:compress_image:50 - 开始压缩图片: uploads/4a2e515b-1c74-4f7b-8b46-6f30583a02df/pdf_images/page_1.png
2025-05-15 14:07:00.220 | INFO     | pdf_processor:compress_image:62 - 图片压缩完成: uploads/4a2e515b-1c74-4f7b-8b46-6f30583a02df/pdf_images/page_1.png
2025-05-15 14:07:00.221 | INFO     | pdf_processor:extract_engineering_data:70 - 开始提取图片数据: uploads/4a2e515b-1c74-4f7b-8b46-6f30583a02df/pdf_images/page_1.png
2025-05-15 14:07:41.546 | INFO     | pdf_processor:extract_engineering_data:168 - 数据提取成功: uploads/4a2e515b-1c74-4f7b-8b46-6f30583a02df/pdf_images/page_1.png
2025-05-15 14:11:34.142 | INFO     | pdf_processor:compress_image:50 - 开始压缩图片: uploads/a030bfb6-d3dc-4516-9ee9-2ad7095b0c3c/pdf_images/page_1.png
2025-05-15 14:11:34.230 | INFO     | pdf_processor:compress_image:62 - 图片压缩完成: uploads/a030bfb6-d3dc-4516-9ee9-2ad7095b0c3c/pdf_images/page_1.png
2025-05-15 14:11:34.230 | INFO     | pdf_processor:extract_engineering_data:70 - 开始提取图片数据: uploads/a030bfb6-d3dc-4516-9ee9-2ad7095b0c3c/pdf_images/page_1.png
2025-05-15 14:12:09.080 | INFO     | pdf_processor:extract_engineering_data:168 - 数据提取成功: uploads/a030bfb6-d3dc-4516-9ee9-2ad7095b0c3c/pdf_images/page_1.png
2025-05-15 14:18:50.361 | INFO     | pdf_processor:compress_image:50 - 开始压缩图片: uploads/863713a6-b0d1-4271-b64c-6d54585590c5/pdf_images/page_1.png
2025-05-15 14:18:50.361 | INFO     | pdf_processor:compress_image:50 - 开始压缩图片: uploads/863713a6-b0d1-4271-b64c-6d54585590c5/pdf_images/page_2.png
2025-05-15 14:18:50.361 | INFO     | pdf_processor:compress_image:50 - 开始压缩图片: uploads/863713a6-b0d1-4271-b64c-6d54585590c5/pdf_images/page_3.png
2025-05-15 14:18:50.361 | INFO     | pdf_processor:compress_image:50 - 开始压缩图片: uploads/863713a6-b0d1-4271-b64c-6d54585590c5/pdf_images/page_4.png
2025-05-15 14:18:50.361 | INFO     | pdf_processor:compress_image:50 - 开始压缩图片: uploads/863713a6-b0d1-4271-b64c-6d54585590c5/pdf_images/page_5.png
2025-05-15 14:18:50.448 | INFO     | pdf_processor:compress_image:62 - 图片压缩完成: uploads/863713a6-b0d1-4271-b64c-6d54585590c5/pdf_images/page_1.png
2025-05-15 14:18:50.448 | INFO     | pdf_processor:extract_engineering_data:70 - 开始提取图片数据: uploads/863713a6-b0d1-4271-b64c-6d54585590c5/pdf_images/page_1.png
2025-05-15 14:18:50.448 | INFO     | pdf_processor:compress_image:62 - 图片压缩完成: uploads/863713a6-b0d1-4271-b64c-6d54585590c5/pdf_images/page_2.png
2025-05-15 14:18:50.449 | INFO     | pdf_processor:extract_engineering_data:70 - 开始提取图片数据: uploads/863713a6-b0d1-4271-b64c-6d54585590c5/pdf_images/page_2.png
2025-05-15 14:18:50.453 | INFO     | pdf_processor:compress_image:62 - 图片压缩完成: uploads/863713a6-b0d1-4271-b64c-6d54585590c5/pdf_images/page_5.png
2025-05-15 14:18:50.453 | INFO     | pdf_processor:extract_engineering_data:70 - 开始提取图片数据: uploads/863713a6-b0d1-4271-b64c-6d54585590c5/pdf_images/page_5.png
2025-05-15 14:18:50.467 | INFO     | pdf_processor:compress_image:62 - 图片压缩完成: uploads/863713a6-b0d1-4271-b64c-6d54585590c5/pdf_images/page_4.png
2025-05-15 14:18:50.467 | INFO     | pdf_processor:extract_engineering_data:70 - 开始提取图片数据: uploads/863713a6-b0d1-4271-b64c-6d54585590c5/pdf_images/page_4.png
2025-05-15 14:18:50.492 | INFO     | pdf_processor:compress_image:62 - 图片压缩完成: uploads/863713a6-b0d1-4271-b64c-6d54585590c5/pdf_images/page_3.png
2025-05-15 14:18:50.492 | INFO     | pdf_processor:extract_engineering_data:70 - 开始提取图片数据: uploads/863713a6-b0d1-4271-b64c-6d54585590c5/pdf_images/page_3.png
2025-05-15 14:19:05.608 | INFO     | pdf_processor:extract_engineering_data:168 - 数据提取成功: uploads/863713a6-b0d1-4271-b64c-6d54585590c5/pdf_images/page_2.png
2025-05-15 14:19:05.611 | INFO     | pdf_processor:compress_image:50 - 开始压缩图片: uploads/863713a6-b0d1-4271-b64c-6d54585590c5/pdf_images/page_6.png
2025-05-15 14:19:05.720 | INFO     | pdf_processor:compress_image:62 - 图片压缩完成: uploads/863713a6-b0d1-4271-b64c-6d54585590c5/pdf_images/page_6.png
2025-05-15 14:19:05.720 | INFO     | pdf_processor:extract_engineering_data:70 - 开始提取图片数据: uploads/863713a6-b0d1-4271-b64c-6d54585590c5/pdf_images/page_6.png
2025-05-15 14:19:08.601 | INFO     | pdf_processor:extract_engineering_data:168 - 数据提取成功: uploads/863713a6-b0d1-4271-b64c-6d54585590c5/pdf_images/page_1.png
2025-05-15 14:19:08.606 | INFO     | pdf_processor:compress_image:50 - 开始压缩图片: uploads/863713a6-b0d1-4271-b64c-6d54585590c5/pdf_images/page_7.png
2025-05-15 14:19:08.709 | INFO     | pdf_processor:compress_image:62 - 图片压缩完成: uploads/863713a6-b0d1-4271-b64c-6d54585590c5/pdf_images/page_7.png
2025-05-15 14:19:08.710 | INFO     | pdf_processor:extract_engineering_data:70 - 开始提取图片数据: uploads/863713a6-b0d1-4271-b64c-6d54585590c5/pdf_images/page_7.png
2025-05-15 14:19:14.167 | INFO     | pdf_processor:extract_engineering_data:168 - 数据提取成功: uploads/863713a6-b0d1-4271-b64c-6d54585590c5/pdf_images/page_3.png
2025-05-15 14:19:14.170 | INFO     | pdf_processor:compress_image:50 - 开始压缩图片: uploads/863713a6-b0d1-4271-b64c-6d54585590c5/pdf_images/page_8.png
2025-05-15 14:19:14.306 | INFO     | pdf_processor:compress_image:62 - 图片压缩完成: uploads/863713a6-b0d1-4271-b64c-6d54585590c5/pdf_images/page_8.png
2025-05-15 14:19:14.306 | INFO     | pdf_processor:extract_engineering_data:70 - 开始提取图片数据: uploads/863713a6-b0d1-4271-b64c-6d54585590c5/pdf_images/page_8.png
2025-05-15 14:19:15.157 | INFO     | pdf_processor:compress_image:50 - 开始压缩图片: uploads/1cbea5ae-91aa-40f2-b102-82e2e534c255/pdf_images/page_1.png
2025-05-15 14:19:15.234 | INFO     | pdf_processor:compress_image:62 - 图片压缩完成: uploads/1cbea5ae-91aa-40f2-b102-82e2e534c255/pdf_images/page_1.png
2025-05-15 14:19:15.234 | INFO     | pdf_processor:extract_engineering_data:70 - 开始提取图片数据: uploads/1cbea5ae-91aa-40f2-b102-82e2e534c255/pdf_images/page_1.png
2025-05-15 14:19:20.136 | INFO     | pdf_processor:extract_engineering_data:168 - 数据提取成功: uploads/863713a6-b0d1-4271-b64c-6d54585590c5/pdf_images/page_5.png
2025-05-15 14:19:20.140 | INFO     | pdf_processor:compress_image:50 - 开始压缩图片: uploads/863713a6-b0d1-4271-b64c-6d54585590c5/pdf_images/page_9.png
2025-05-15 14:19:20.242 | INFO     | pdf_processor:compress_image:62 - 图片压缩完成: uploads/863713a6-b0d1-4271-b64c-6d54585590c5/pdf_images/page_9.png
2025-05-15 14:19:20.243 | INFO     | pdf_processor:extract_engineering_data:70 - 开始提取图片数据: uploads/863713a6-b0d1-4271-b64c-6d54585590c5/pdf_images/page_9.png
2025-05-15 14:19:24.074 | INFO     | pdf_processor:extract_engineering_data:168 - 数据提取成功: uploads/863713a6-b0d1-4271-b64c-6d54585590c5/pdf_images/page_4.png
2025-05-15 14:19:24.078 | INFO     | pdf_processor:compress_image:50 - 开始压缩图片: uploads/863713a6-b0d1-4271-b64c-6d54585590c5/pdf_images/page_10.png
2025-05-15 14:19:24.186 | INFO     | pdf_processor:compress_image:62 - 图片压缩完成: uploads/863713a6-b0d1-4271-b64c-6d54585590c5/pdf_images/page_10.png
2025-05-15 14:19:24.187 | INFO     | pdf_processor:extract_engineering_data:70 - 开始提取图片数据: uploads/863713a6-b0d1-4271-b64c-6d54585590c5/pdf_images/page_10.png
2025-05-15 14:19:41.798 | INFO     | pdf_processor:extract_engineering_data:168 - 数据提取成功: uploads/863713a6-b0d1-4271-b64c-6d54585590c5/pdf_images/page_7.png
2025-05-15 14:19:41.802 | INFO     | pdf_processor:compress_image:50 - 开始压缩图片: uploads/863713a6-b0d1-4271-b64c-6d54585590c5/pdf_images/page_11.png
2025-05-15 14:19:41.903 | INFO     | pdf_processor:compress_image:62 - 图片压缩完成: uploads/863713a6-b0d1-4271-b64c-6d54585590c5/pdf_images/page_11.png
2025-05-15 14:19:41.903 | INFO     | pdf_processor:extract_engineering_data:70 - 开始提取图片数据: uploads/863713a6-b0d1-4271-b64c-6d54585590c5/pdf_images/page_11.png
2025-05-15 14:19:44.925 | INFO     | pdf_processor:extract_engineering_data:168 - 数据提取成功: uploads/863713a6-b0d1-4271-b64c-6d54585590c5/pdf_images/page_8.png
2025-05-15 14:19:45.665 | INFO     | pdf_processor:extract_engineering_data:168 - 数据提取成功: uploads/863713a6-b0d1-4271-b64c-6d54585590c5/pdf_images/page_10.png
2025-05-15 14:19:50.865 | INFO     | pdf_processor:extract_engineering_data:168 - 数据提取成功: uploads/1cbea5ae-91aa-40f2-b102-82e2e534c255/pdf_images/page_1.png
2025-05-15 14:19:56.881 | INFO     | pdf_processor:extract_engineering_data:168 - 数据提取成功: uploads/863713a6-b0d1-4271-b64c-6d54585590c5/pdf_images/page_9.png
2025-05-15 14:19:57.725 | INFO     | pdf_processor:extract_engineering_data:168 - 数据提取成功: uploads/863713a6-b0d1-4271-b64c-6d54585590c5/pdf_images/page_6.png
2025-05-15 14:20:37.196 | INFO     | pdf_processor:extract_engineering_data:168 - 数据提取成功: uploads/863713a6-b0d1-4271-b64c-6d54585590c5/pdf_images/page_11.png
2025-05-15 14:25:10.376 | INFO     | pdf_processor:compress_image:50 - 开始压缩图片: uploads/1cbea5ae-91aa-40f2-b102-82e2e534c255/pdf_images/page_1.png
2025-05-15 14:25:10.651 | INFO     | pdf_processor:compress_image:62 - 图片压缩完成: uploads/1cbea5ae-91aa-40f2-b102-82e2e534c255/pdf_images/page_1.png
2025-05-15 14:25:10.652 | INFO     | pdf_processor:extract_engineering_data:70 - 开始提取图片数据: uploads/1cbea5ae-91aa-40f2-b102-82e2e534c255/pdf_images/page_1.png
2025-05-15 14:25:16.536 | INFO     | pdf_processor:compress_image:50 - 开始压缩图片: uploads/db5cf754-2a46-460d-8487-1aeef5a64283/pdf_images/page_1.png
2025-05-15 14:25:16.612 | INFO     | pdf_processor:compress_image:62 - 图片压缩完成: uploads/db5cf754-2a46-460d-8487-1aeef5a64283/pdf_images/page_1.png
2025-05-15 14:25:16.612 | INFO     | pdf_processor:extract_engineering_data:70 - 开始提取图片数据: uploads/db5cf754-2a46-460d-8487-1aeef5a64283/pdf_images/page_1.png
2025-05-15 14:25:59.774 | INFO     | pdf_processor:extract_engineering_data:168 - 数据提取成功: uploads/1cbea5ae-91aa-40f2-b102-82e2e534c255/pdf_images/page_1.png
2025-05-15 14:26:16.513 | INFO     | pdf_processor:extract_engineering_data:168 - 数据提取成功: uploads/db5cf754-2a46-460d-8487-1aeef5a64283/pdf_images/page_1.png
2025-05-15 14:26:29.184 | INFO     | pdf_processor:compress_image:50 - 开始压缩图片: uploads/db5cf754-2a46-460d-8487-1aeef5a64283/pdf_images/page_1.png
2025-05-15 14:26:29.274 | INFO     | pdf_processor:compress_image:62 - 图片压缩完成: uploads/db5cf754-2a46-460d-8487-1aeef5a64283/pdf_images/page_1.png
2025-05-15 14:26:29.274 | INFO     | pdf_processor:extract_engineering_data:70 - 开始提取图片数据: uploads/db5cf754-2a46-460d-8487-1aeef5a64283/pdf_images/page_1.png
2025-05-15 14:27:19.396 | INFO     | pdf_processor:extract_engineering_data:168 - 数据提取成功: uploads/db5cf754-2a46-460d-8487-1aeef5a64283/pdf_images/page_1.png
2025-05-15 14:30:56.344 | INFO     | pdf_processor:compress_image:50 - 开始压缩图片: uploads/4548cb00-f719-4e3b-ab37-520d0d85da14/pdf_images/page_1.png
2025-05-15 14:30:56.442 | INFO     | pdf_processor:compress_image:62 - 图片压缩完成: uploads/4548cb00-f719-4e3b-ab37-520d0d85da14/pdf_images/page_1.png
2025-05-15 14:30:56.443 | INFO     | pdf_processor:extract_engineering_data:70 - 开始提取图片数据: uploads/4548cb00-f719-4e3b-ab37-520d0d85da14/pdf_images/page_1.png
2025-05-15 14:31:45.432 | INFO     | pdf_processor:extract_engineering_data:168 - 数据提取成功: uploads/4548cb00-f719-4e3b-ab37-520d0d85da14/pdf_images/page_1.png
2025-05-15 14:35:50.999 | INFO     | pdf_processor:compress_image:50 - 开始压缩图片: uploads/1184dfa2-6feb-410f-8b32-c7a1ea44e5d6/pdf_images/page_1.png
2025-05-15 14:35:51.081 | INFO     | pdf_processor:compress_image:62 - 图片压缩完成: uploads/1184dfa2-6feb-410f-8b32-c7a1ea44e5d6/pdf_images/page_1.png
2025-05-15 14:35:51.082 | INFO     | pdf_processor:extract_engineering_data:70 - 开始提取图片数据: uploads/1184dfa2-6feb-410f-8b32-c7a1ea44e5d6/pdf_images/page_1.png
2025-05-15 14:36:47.714 | INFO     | pdf_processor:extract_engineering_data:168 - 数据提取成功: uploads/1184dfa2-6feb-410f-8b32-c7a1ea44e5d6/pdf_images/page_1.png
2025-05-15 14:36:47.725 | INFO     | pdf_processor:refine_data:183 - 开始优化数据结构
2025-05-15 14:37:22.105 | INFO     | pdf_processor:refine_data:230 - 数据优化完成
2025-05-15 14:39:40.323 | INFO     | pdf_processor:compress_image:50 - 开始压缩图片: uploads/15409ef7-bf13-4250-84c9-aa583965e6c5/pdf_images/page_1.png
2025-05-15 14:39:40.395 | INFO     | pdf_processor:compress_image:62 - 图片压缩完成: uploads/15409ef7-bf13-4250-84c9-aa583965e6c5/pdf_images/page_1.png
2025-05-15 14:39:40.396 | INFO     | pdf_processor:extract_engineering_data:70 - 开始提取图片数据: uploads/15409ef7-bf13-4250-84c9-aa583965e6c5/pdf_images/page_1.png
2025-05-15 14:40:13.249 | INFO     | pdf_processor:extract_engineering_data:168 - 数据提取成功: uploads/15409ef7-bf13-4250-84c9-aa583965e6c5/pdf_images/page_1.png
2025-05-15 14:40:13.265 | INFO     | pdf_processor:refine_data:183 - 开始优化数据结构
2025-05-15 14:40:46.622 | INFO     | pdf_processor:refine_data:230 - 数据优化完成
